<component name="libraryTable">
  <library name="junit-4.10">
    <CLASSES>
      <root url="jar://D:/Download/spring-framework-5.0.5.RELEASE-dist/junit-4.10.jar!/" />
    </CLASSES>
    <JAVADOC />
    <SOURCES />
  </library>
</component>